[0308/193734.809:ERROR:process_memory_win.cc(73)] ReadMemory at 0x7ff768810000 of 64 bytes failed: Only part of a ReadProcessMemory or WriteProcessMemory request was completed. (0x12B)
[0308/193735.540:WARNING:pe_image_reader.cc(302)] could not read dos header from C:\Program Files (x86)\Google\Chrome\Application\chrome.exe
[0308/193735.540:ERROR:process_memory_win.cc(73)] ReadMemory at 0x7ffbc8620000 of 64 bytes failed: Only part of a ReadProcessMemory or WriteProcessMemory request was completed. (0x12B)
[0308/193735.541:WARNING:pe_image_reader.cc(302)] could not read dos header from C:\WINDOWS\SYSTEM32\ntdll.dll
[0308/193735.541:ERROR:process_memory_win.cc(73)] ReadMemory at 0x7ffbc6ef0000 of 64 bytes failed: Only part of a ReadProcessMemory or WriteProcessMemory request was completed. (0x12B)
[0308/193736.090:WARNING:pe_image_reader.cc(302)] could not read dos header from C:\WINDOWS\System32\KERNEL32.DLL
[0308/193736.090:ERROR:process_memory_win.cc(73)] ReadMemory at 0x7ffbc55b0000 of 64 bytes failed: Only part of a ReadProcessMemory or WriteProcessMemory request was completed. (0x12B)
[0308/193736.090:WARNING:pe_image_reader.cc(302)] could not read dos header from C:\WINDOWS\System32\KERNELBASE.dll
[0308/193736.090:ERROR:process_memory_win.cc(73)] ReadMemory at 0x7ffbc1f80000 of 64 bytes failed: Only part of a ReadProcessMemory or WriteProcessMemory request was completed. (0x12B)
[0308/193736.090:WARNING:pe_image_reader.cc(302)] could not read dos header from C:\WINDOWS\SYSTEM32\apphelp.dll
[0308/193736.090:ERROR:process_memory_win.cc(73)] ReadMemory at 0x7ffbc59f0000 of 64 bytes failed: Only part of a ReadProcessMemory or WriteProcessMemory request was completed. (0x12B)
[0308/193736.090:WARNING:pe_image_reader.cc(302)] could not read dos header from C:\WINDOWS\System32\SHELL32.dll
[0308/193736.090:ERROR:process_memory_win.cc(73)] ReadMemory at 0x7ffbc78a0000 of 64 bytes failed: Only part of a ReadProcessMemory or WriteProcessMemory request was completed. (0x12B)
[0308/193736.091:WARNING:pe_image_reader.cc(302)] could not read dos header from C:\WINDOWS\System32\msvcrt.dll
[0308/193736.091:ERROR:process_memory_win.cc(73)] ReadMemory at 0x7ffbc4e40000 of 64 bytes failed: Only part of a ReadProcessMemory or WriteProcessMemory request was completed. (0x12B)
[0308/193736.091:WARNING:pe_image_reader.cc(302)] could not read dos header from C:\WINDOWS\System32\cfgmgr32.dll
[0308/193736.091:ERROR:process_memory_win.cc(73)] ReadMemory at 0x7ffbc4fe0000 of 64 bytes failed: Only part of a ReadProcessMemory or WriteProcessMemory request was completed. (0x12B)
[0308/193736.091:WARNING:pe_image_reader.cc(302)] could not read dos header from C:\WINDOWS\System32\ucrtbase.dll
[0308/193736.091:ERROR:process_memory_win.cc(73)] ReadMemory at 0x7ffbc7940000 of 64 bytes failed: Only part of a ReadProcessMemory or WriteProcessMemory request was completed. (0x12B)
[0308/193736.091:WARNING:pe_image_reader.cc(302)] could not read dos header from C:\WINDOWS\System32\shcore.dll
[0308/193736.091:ERROR:process_memory_win.cc(73)] ReadMemory at 0x7ffbc7cb0000 of 64 bytes failed: Only part of a ReadProcessMemory or WriteProcessMemory request was completed. (0x12B)
[0308/193736.091:WARNING:pe_image_reader.cc(302)] could not read dos header from C:\WINDOWS\System32\RPCRT4.dll
[0308/193736.092:ERROR:process_memory_win.cc(73)] ReadMemory at 0x7ffbc71a0000 of 64 bytes failed: Only part of a ReadProcessMemory or WriteProcessMemory request was completed. (0x12B)
[0308/193736.092:WARNING:pe_image_reader.cc(302)] could not read dos header from C:\WINDOWS\System32\combase.dll
[0308/193736.092:ERROR:process_memory_win.cc(73)] ReadMemory at 0x7ffbc4eb0000 of 64 bytes failed: Only part of a ReadProcessMemory or WriteProcessMemory request was completed. (0x12B)
[0308/193736.092:WARNING:pe_image_reader.cc(302)] could not read dos header from C:\WINDOWS\System32\bcryptPrimitives.dll
[0308/193736.092:ERROR:process_memory_win.cc(73)] ReadMemory at 0x7ffbc46f0000 of 64 bytes failed: Only part of a ReadProcessMemory or WriteProcessMemory request was completed. (0x12B)
[0308/193736.092:WARNING:pe_image_reader.cc(302)] could not read dos header from C:\WINDOWS\System32\windows.storage.dll
[0308/193736.092:ERROR:process_memory_win.cc(73)] ReadMemory at 0x7ffbc5100000 of 64 bytes failed: Only part of a ReadProcessMemory or WriteProcessMemory request was completed. (0x12B)
[0308/193736.092:WARNING:pe_image_reader.cc(302)] could not read dos header from C:\WINDOWS\System32\msvcp_win.dll
[0308/193736.092:ERROR:process_memory_win.cc(73)] ReadMemory at 0x7ffbc70a0000 of 64 bytes failed: Only part of a ReadProcessMemory or WriteProcessMemory request was completed. (0x12B)
[0308/193736.092:WARNING:pe_image_reader.cc(302)] could not read dos header from C:\WINDOWS\System32\sechost.dll
[0308/193736.093:ERROR:process_memory_win.cc(73)] ReadMemory at 0x7ffbc8060000 of 64 bytes failed: Only part of a ReadProcessMemory or WriteProcessMemory request was completed. (0x12B)
[0308/193736.093:WARNING:pe_image_reader.cc(302)] could not read dos header from C:\WINDOWS\System32\advapi32.dll
[0308/193736.093:ERROR:process_memory_win.cc(73)] ReadMemory at 0x7ffbc46a0000 of 64 bytes failed: Only part of a ReadProcessMemory or WriteProcessMemory request was completed. (0x12B)
[0308/193736.093:WARNING:pe_image_reader.cc(302)] could not read dos header from C:\WINDOWS\System32\profapi.dll
[0308/193736.093:ERROR:process_memory_win.cc(73)] ReadMemory at 0x7ffbc4620000 of 64 bytes failed: Only part of a ReadProcessMemory or WriteProcessMemory request was completed. (0x12B)
[0308/193736.093:WARNING:pe_image_reader.cc(302)] could not read dos header from C:\WINDOWS\System32\powrprof.dll
[0308/193736.093:ERROR:process_memory_win.cc(73)] ReadMemory at 0x7ffbc7140000 of 64 bytes failed: Only part of a ReadProcessMemory or WriteProcessMemory request was completed. (0x12B)
[0308/193736.093:WARNING:pe_image_reader.cc(302)] could not read dos header from C:\WINDOWS\System32\shlwapi.dll
[0308/193736.093:ERROR:process_memory_win.cc(73)] ReadMemory at 0x7ffbc7020000 of 64 bytes failed: Only part of a ReadProcessMemory or WriteProcessMemory request was completed. (0x12B)
[0308/193736.093:WARNING:pe_image_reader.cc(302)] could not read dos header from C:\WINDOWS\System32\GDI32.dll
[0308/193736.094:ERROR:process_memory_win.cc(73)] ReadMemory at 0x7ffbc5200000 of 64 bytes failed: Only part of a ReadProcessMemory or WriteProcessMemory request was completed. (0x12B)
[0308/193736.094:WARNING:pe_image_reader.cc(302)] could not read dos header from C:\WINDOWS\System32\gdi32full.dll
[0308/193736.094:ERROR:process_memory_win.cc(73)] ReadMemory at 0x7ffbc5850000 of 64 bytes failed: Only part of a ReadProcessMemory or WriteProcessMemory request was completed. (0x12B)
[0308/193736.094:WARNING:pe_image_reader.cc(302)] could not read dos header from C:\WINDOWS\System32\USER32.dll
[0308/193736.094:ERROR:process_memory_win.cc(73)] ReadMemory at 0x7ffbc4e90000 of 64 bytes failed: Only part of a ReadProcessMemory or WriteProcessMemory request was completed. (0x12B)
[0308/193736.094:WARNING:pe_image_reader.cc(302)] could not read dos header from C:\WINDOWS\System32\win32u.dll
[0308/193736.094:ERROR:process_memory_win.cc(73)] ReadMemory at 0x7ffbc4680000 of 64 bytes failed: Only part of a ReadProcessMemory or WriteProcessMemory request was completed. (0x12B)
[0308/193736.094:WARNING:pe_image_reader.cc(302)] could not read dos header from C:\WINDOWS\System32\kernel.appcore.dll
[0308/193736.095:ERROR:process_memory_win.cc(73)] ReadMemory at 0x7ffbc50e0000 of 64 bytes failed: Only part of a ReadProcessMemory or WriteProcessMemory request was completed. (0x12B)
[0308/193736.095:WARNING:pe_image_reader.cc(302)] could not read dos header from C:\WINDOWS\System32\cryptsp.dll
[0308/193736.095:ERROR:process_memory_win.cc(73)] ReadMemory at 0x1a19d5d0000 of 64 bytes failed: Only part of a ReadProcessMemory or WriteProcessMemory request was completed. (0x12B)
[0308/193736.095:WARNING:pe_image_reader.cc(302)] could not read dos header from C:\WINDOWS\System32\PSAPI.DLL
[0308/193736.095:ERROR:process_memory_win.cc(73)] ReadMemory at 0x7ffb96560000 of 64 bytes failed: Only part of a ReadProcessMemory or WriteProcessMemory request was completed. (0x12B)
[0308/193736.095:WARNING:pe_image_reader.cc(302)] could not read dos header from C:\Program Files (x86)\Google\Chrome\Application\72.0.3626.121\chrome_elf.dll
[0308/193736.095:ERROR:process_memory_win.cc(73)] ReadMemory at 0x7ffbb7880000 of 64 bytes failed: Only part of a ReadProcessMemory or WriteProcessMemory request was completed. (0x12B)
[0308/193736.095:WARNING:pe_image_reader.cc(302)] could not read dos header from C:\WINDOWS\SYSTEM32\VERSION.dll
[0308/193736.095:ERROR:process_memory_win.cc(73)] ReadMemory at 0x7ffbc1bd0000 of 64 bytes failed: Only part of a ReadProcessMemory or WriteProcessMemory request was completed. (0x12B)
[0308/193736.096:WARNING:pe_image_reader.cc(302)] could not read dos header from C:\WINDOWS\SYSTEM32\WINMM.dll
[0308/193736.096:ERROR:process_memory_win.cc(73)] ReadMemory at 0x7ffbc4550000 of 64 bytes failed: Only part of a ReadProcessMemory or WriteProcessMemory request was completed. (0x12B)
[0308/193736.096:WARNING:pe_image_reader.cc(302)] could not read dos header from C:\WINDOWS\SYSTEM32\USERENV.dll
[0308/193736.096:ERROR:process_memory_win.cc(73)] ReadMemory at 0x7ffbc1ba0000 of 64 bytes failed: Only part of a ReadProcessMemory or WriteProcessMemory request was completed. (0x12B)
[0308/193736.096:WARNING:pe_image_reader.cc(302)] could not read dos header from C:\WINDOWS\SYSTEM32\WINMMBASE.dll
[0308/193736.096:ERROR:process_memory_win.cc(73)] ReadMemory at 0x7ffbc4020000 of 64 bytes failed: Only part of a ReadProcessMemory or WriteProcessMemory request was completed. (0x12B)
[0308/193736.096:WARNING:pe_image_reader.cc(302)] could not read dos header from C:\WINDOWS\SYSTEM32\CRYPTBASE.DLL
[0308/193736.096:ERROR:process_memory_win.cc(73)] ReadMemory at 0x7ffbc7070000 of 64 bytes failed: Only part of a ReadProcessMemory or WriteProcessMemory request was completed. (0x12B)
[0308/193736.096:WARNING:pe_image_reader.cc(302)] could not read dos header from C:\WINDOWS\System32\IMM32.DLL
[0308/193736.096:ERROR:process_memory_win.cc(73)] ReadMemory at 0x7ffb6e880000 of 64 bytes failed: Only part of a ReadProcessMemory or WriteProcessMemory request was completed. (0x12B)
[0308/193736.096:WARNING:pe_image_reader.cc(302)] could not read dos header from C:\Program Files (x86)\Google\Chrome\Application\72.0.3626.121\chrome_child.dll
[0308/193736.096:ERROR:process_memory_win.cc(73)] ReadMemory at 0x7ffbc7630000 of 64 bytes failed: Only part of a ReadProcessMemory or WriteProcessMemory request was completed. (0x12B)
[0308/193736.097:WARNING:pe_image_reader.cc(302)] could not read dos header from C:\WINDOWS\System32\WS2_32.dll
[0308/193736.097:ERROR:process_memory_win.cc(73)] ReadMemory at 0x7ffbc74d0000 of 64 bytes failed: Only part of a ReadProcessMemory or WriteProcessMemory request was completed. (0x12B)
[0308/193736.097:WARNING:pe_image_reader.cc(302)] could not read dos header from C:\WINDOWS\System32\ole32.dll
[0308/193736.097:ERROR:process_memory_win.cc(73)] ReadMemory at 0x7ffbc7de0000 of 64 bytes failed: Only part of a ReadProcessMemory or WriteProcessMemory request was completed. (0x12B)
[0308/193736.097:WARNING:pe_image_reader.cc(302)] could not read dos header from C:\WINDOWS\System32\OLEAUT32.dll
[0308/193736.097:ERROR:process_memory_win.cc(73)] ReadMemory at 0x7ffbc51a0000 of 64 bytes failed: Only part of a ReadProcessMemory or WriteProcessMemory request was completed. (0x12B)
[0308/193736.097:WARNING:pe_image_reader.cc(302)] could not read dos header from C:\WINDOWS\System32\WINTRUST.dll
[0308/193736.097:ERROR:process_memory_win.cc(73)] ReadMemory at 0x7ffbc46d0000 of 64 bytes failed: Only part of a ReadProcessMemory or WriteProcessMemory request was completed. (0x12B)
[0308/193736.097:WARNING:pe_image_reader.cc(302)] could not read dos header from C:\WINDOWS\System32\MSASN1.dll
[0308/193736.097:ERROR:process_memory_win.cc(73)] ReadMemory at 0x7ffbc53a0000 of 64 bytes failed: Only part of a ReadProcessMemory or WriteProcessMemory request was completed. (0x12B)
[0308/193736.097:WARNING:pe_image_reader.cc(302)] could not read dos header from C:\WINDOWS\System32\CRYPT32.dll
[0308/193736.097:ERROR:process_memory_win.cc(73)] ReadMemory at 0x7ffbc7b20000 of 64 bytes failed: Only part of a ReadProcessMemory or WriteProcessMemory request was completed. (0x12B)
[0308/193736.097:WARNING:pe_image_reader.cc(302)] could not read dos header from C:\WINDOWS\System32\COMDLG32.dll
[0308/193736.097:ERROR:process_memory_win.cc(73)] ReadMemory at 0x7ffbc3bb0000 of 64 bytes failed: Only part of a ReadProcessMemory or WriteProcessMemory request was completed. (0x12B)
[0308/193736.098:WARNING:pe_image_reader.cc(302)] could not read dos header from C:\WINDOWS\SYSTEM32\IPHLPAPI.DLL
[0308/193736.098:ERROR:process_memory_win.cc(73)] ReadMemory at 0x7ffbb4cf0000 of 64 bytes failed: Only part of a ReadProcessMemory or WriteProcessMemory request was completed. (0x12B)
[0308/193736.098:WARNING:pe_image_reader.cc(302)] could not read dos header from C:\WINDOWS\SYSTEM32\OLEACC.dll
[0308/193736.098:ERROR:process_memory_win.cc(73)] ReadMemory at 0x7ffbb8380000 of 64 bytes failed: Only part of a ReadProcessMemory or WriteProcessMemory request was completed. (0x12B)
[0308/193736.098:WARNING:pe_image_reader.cc(302)] could not read dos header from C:\WINDOWS\SYSTEM32\DWrite.dll
[0308/193736.098:ERROR:process_memory_win.cc(73)] ReadMemory at 0x7ffbc3360000 of 64 bytes failed: Only part of a ReadProcessMemory or WriteProcessMemory request was completed. (0x12B)
[0308/193736.098:WARNING:pe_image_reader.cc(302)] could not read dos header from C:\WINDOWS\SYSTEM32\dxgi.dll
[0308/193736.098:ERROR:process_memory_win.cc(73)] ReadMemory at 0x7ffbb6810000 of 64 bytes failed: Only part of a ReadProcessMemory or WriteProcessMemory request was completed. (0x12B)
[0308/193736.098:WARNING:pe_image_reader.cc(302)] could not read dos header from C:\WINDOWS\SYSTEM32\WINSPOOL.DRV
[0308/193736.098:ERROR:process_memory_win.cc(73)] ReadMemory at 0x7ffbc5580000 of 64 bytes failed: Only part of a ReadProcessMemory or WriteProcessMemory request was completed. (0x12B)
[0308/193736.098:WARNING:pe_image_reader.cc(302)] could not read dos header from C:\WINDOWS\System32\bcrypt.dll
[0308/193736.098:ERROR:process_memory_win.cc(73)] ReadMemory at 0x7ffbc2ff0000 of 64 bytes failed: Only part of a ReadProcessMemory or WriteProcessMemory request was completed. (0x12B)
[0308/193736.098:WARNING:pe_image_reader.cc(302)] could not read dos header from C:\WINDOWS\SYSTEM32\dbghelp.dll
[0308/193736.098:ERROR:process_memory_win.cc(73)] ReadMemory at 0x7ffbc0b50000 of 64 bytes failed: Only part of a ReadProcessMemory or WriteProcessMemory request was completed. (0x12B)
[0308/193736.098:WARNING:pe_image_reader.cc(302)] could not read dos header from C:\WINDOWS\SYSTEM32\USP10.dll
[0308/193736.098:ERROR:process_memory_win.cc(73)] ReadMemory at 0x7ffbb60d0000 of 64 bytes failed: Only part of a ReadProcessMemory or WriteProcessMemory request was completed. (0x12B)
[0308/193736.099:WARNING:pe_image_reader.cc(302)] could not read dos header from C:\WINDOWS\WinSxS\amd64_microsoft.windows.common-controls_6595b64144ccf1df_6.0.17763.316_none_05b53be2071f46b6\COMCTL32.dll
[0308/193736.099:ERROR:process_memory_win.cc(73)] ReadMemory at 0x7ffbb6350000 of 64 bytes failed: Only part of a ReadProcessMemory or WriteProcessMemory request was completed. (0x12B)
[0308/193736.099:WARNING:pe_image_reader.cc(302)] could not read dos header from C:\WINDOWS\SYSTEM32\WINHTTP.dll
[0308/193736.099:ERROR:process_memory_win.cc(73)] ReadMemory at 0x7ffbb8680000 of 64 bytes failed: Only part of a ReadProcessMemory or WriteProcessMemory request was completed. (0x12B)
[0308/193736.099:WARNING:pe_image_reader.cc(302)] could not read dos header from C:\WINDOWS\SYSTEM32\urlmon.dll
[0308/193736.099:ERROR:process_memory_win.cc(73)] ReadMemory at 0x7ffbb48a0000 of 64 bytes failed: Only part of a ReadProcessMemory or WriteProcessMemory request was completed. (0x12B)
[0308/193736.099:WARNING:pe_image_reader.cc(302)] could not read dos header from C:\WINDOWS\SYSTEM32\Secur32.dll
[0308/193736.099:ERROR:process_memory_win.cc(73)] ReadMemory at 0x7ffbba950000 of 64 bytes failed: Only part of a ReadProcessMemory or WriteProcessMemory request was completed. (0x12B)
[0308/193736.099:WARNING:pe_image_reader.cc(302)] could not read dos header from C:\WINDOWS\SYSTEM32\dhcpcsvc.DLL
[0308/193736.099:ERROR:process_memory_win.cc(73)] ReadMemory at 0x1a19d8a0000 of 64 bytes failed: Only part of a ReadProcessMemory or WriteProcessMemory request was completed. (0x12B)
[0308/193736.099:WARNING:pe_image_reader.cc(302)] could not read dos header from C:\WINDOWS\System32\NSI.dll
[0308/193736.099:ERROR:process_memory_win.cc(73)] ReadMemory at 0x7ffbc2040000 of 64 bytes failed: Only part of a ReadProcessMemory or WriteProcessMemory request was completed. (0x12B)
[0308/193736.099:WARNING:pe_image_reader.cc(302)] could not read dos header from C:\WINDOWS\SYSTEM32\PROPSYS.dll
[0308/193736.099:ERROR:process_memory_win.cc(73)] ReadMemory at 0x7ffbb8a10000 of 64 bytes failed: Only part of a ReadProcessMemory or WriteProcessMemory request was completed. (0x12B)
[0308/193736.099:WARNING:pe_image_reader.cc(302)] could not read dos header from C:\WINDOWS\SYSTEM32\iertutil.dll
[0308/193736.100:ERROR:process_memory_win.cc(73)] ReadMemory at 0x7ffbc4520000 of 64 bytes failed: Only part of a ReadProcessMemory or WriteProcessMemory request was completed. (0x12B)
[0308/193736.100:WARNING:pe_image_reader.cc(302)] could not read dos header from C:\WINDOWS\SYSTEM32\SSPICLI.DLL
[0308/193736.271:ERROR:process_memory_win.cc(73)] ReadMemory at 0x7ff768810000 of 64 bytes failed: Only part of a ReadProcessMemory or WriteProcessMemory request was completed. (0x12B)
[0308/193736.271:WARNING:pe_image_reader.cc(302)] could not read dos header from C:\Program Files (x86)\Google\Chrome\Application\chrome.exe
[0308/193736.271:ERROR:process_memory_win.cc(73)] ReadMemory at 0x7ffbc8620000 of 64 bytes failed: Only part of a ReadProcessMemory or WriteProcessMemory request was completed. (0x12B)
[0308/193736.271:WARNING:pe_image_reader.cc(302)] could not read dos header from C:\WINDOWS\SYSTEM32\ntdll.dll
[0308/193736.271:ERROR:process_memory_win.cc(73)] ReadMemory at 0x7ffbc6ef0000 of 64 bytes failed: Only part of a ReadProcessMemory or WriteProcessMemory request was completed. (0x12B)
[0308/193736.271:WARNING:pe_image_reader.cc(302)] could not read dos header from C:\WINDOWS\System32\KERNEL32.DLL
[0308/193736.271:ERROR:process_memory_win.cc(73)] ReadMemory at 0x7ffbc55b0000 of 64 bytes failed: Only part of a ReadProcessMemory or WriteProcessMemory request was completed. (0x12B)
[0308/193736.271:WARNING:pe_image_reader.cc(302)] could not read dos header from C:\WINDOWS\System32\KERNELBASE.dll
[0308/193736.271:ERROR:process_memory_win.cc(73)] ReadMemory at 0x7ffbc1f80000 of 64 bytes failed: Only part of a ReadProcessMemory or WriteProcessMemory request was completed. (0x12B)
[0308/193736.271:WARNING:pe_image_reader.cc(302)] could not read dos header from C:\WINDOWS\SYSTEM32\apphelp.dll
[0308/193736.271:ERROR:process_memory_win.cc(73)] ReadMemory at 0x7ffbc59f0000 of 64 bytes failed: Only part of a ReadProcessMemory or WriteProcessMemory request was completed. (0x12B)
[0308/193736.271:WARNING:pe_image_reader.cc(302)] could not read dos header from C:\WINDOWS\System32\SHELL32.dll
[0308/193736.272:ERROR:process_memory_win.cc(73)] ReadMemory at 0x7ffbc78a0000 of 64 bytes failed: Only part of a ReadProcessMemory or WriteProcessMemory request was completed. (0x12B)
[0308/193736.272:WARNING:pe_image_reader.cc(302)] could not read dos header from C:\WINDOWS\System32\msvcrt.dll
[0308/193736.272:ERROR:process_memory_win.cc(73)] ReadMemory at 0x7ffbc4e40000 of 64 bytes failed: Only part of a ReadProcessMemory or WriteProcessMemory request was completed. (0x12B)
[0308/193736.272:WARNING:pe_image_reader.cc(302)] could not read dos header from C:\WINDOWS\System32\cfgmgr32.dll
[0308/193736.272:ERROR:process_memory_win.cc(73)] ReadMemory at 0x7ffbc4fe0000 of 64 bytes failed: Only part of a ReadProcessMemory or WriteProcessMemory request was completed. (0x12B)
[0308/193736.272:WARNING:pe_image_reader.cc(302)] could not read dos header from C:\WINDOWS\System32\ucrtbase.dll
[0308/193736.272:ERROR:process_memory_win.cc(73)] ReadMemory at 0x7ffbc7940000 of 64 bytes failed: Only part of a ReadProcessMemory or WriteProcessMemory request was completed. (0x12B)
[0308/193736.272:WARNING:pe_image_reader.cc(302)] could not read dos header from C:\WINDOWS\System32\shcore.dll
[0308/193736.272:ERROR:process_memory_win.cc(73)] ReadMemory at 0x7ffbc7cb0000 of 64 bytes failed: Only part of a ReadProcessMemory or WriteProcessMemory request was completed. (0x12B)
[0308/193736.272:WARNING:pe_image_reader.cc(302)] could not read dos header from C:\WINDOWS\System32\RPCRT4.dll
[0308/193736.272:ERROR:process_memory_win.cc(73)] ReadMemory at 0x7ffbc71a0000 of 64 bytes failed: Only part of a ReadProcessMemory or WriteProcessMemory request was completed. (0x12B)
[0308/193736.272:WARNING:pe_image_reader.cc(302)] could not read dos header from C:\WINDOWS\System32\combase.dll
[0308/193736.272:ERROR:process_memory_win.cc(73)] ReadMemory at 0x7ffbc4eb0000 of 64 bytes failed: Only part of a ReadProcessMemory or WriteProcessMemory request was completed. (0x12B)
[0308/193736.272:WARNING:pe_image_reader.cc(302)] could not read dos header from C:\WINDOWS\System32\bcryptPrimitives.dll
[0308/193736.272:ERROR:process_memory_win.cc(73)] ReadMemory at 0x7ffbc46f0000 of 64 bytes failed: Only part of a ReadProcessMemory or WriteProcessMemory request was completed. (0x12B)
[0308/193736.272:WARNING:pe_image_reader.cc(302)] could not read dos header from C:\WINDOWS\System32\windows.storage.dll
[0308/193736.273:ERROR:process_memory_win.cc(73)] ReadMemory at 0x7ffbc5100000 of 64 bytes failed: Only part of a ReadProcessMemory or WriteProcessMemory request was completed. (0x12B)
[0308/193736.273:WARNING:pe_image_reader.cc(302)] could not read dos header from C:\WINDOWS\System32\msvcp_win.dll
[0308/193736.273:ERROR:process_memory_win.cc(73)] ReadMemory at 0x7ffbc70a0000 of 64 bytes failed: Only part of a ReadProcessMemory or WriteProcessMemory request was completed. (0x12B)
[0308/193736.273:WARNING:pe_image_reader.cc(302)] could not read dos header from C:\WINDOWS\System32\sechost.dll
[0308/193736.273:ERROR:process_memory_win.cc(73)] ReadMemory at 0x7ffbc8060000 of 64 bytes failed: Only part of a ReadProcessMemory or WriteProcessMemory request was completed. (0x12B)
[0308/193736.273:WARNING:pe_image_reader.cc(302)] could not read dos header from C:\WINDOWS\System32\advapi32.dll
[0308/193736.273:ERROR:process_memory_win.cc(73)] ReadMemory at 0x7ffbc46a0000 of 64 bytes failed: Only part of a ReadProcessMemory or WriteProcessMemory request was completed. (0x12B)
[0308/193736.273:WARNING:pe_image_reader.cc(302)] could not read dos header from C:\WINDOWS\System32\profapi.dll
[0308/193736.273:ERROR:process_memory_win.cc(73)] ReadMemory at 0x7ffbc4620000 of 64 bytes failed: Only part of a ReadProcessMemory or WriteProcessMemory request was completed. (0x12B)
[0308/193736.273:WARNING:pe_image_reader.cc(302)] could not read dos header from C:\WINDOWS\System32\powrprof.dll
[0308/193736.273:ERROR:process_memory_win.cc(73)] ReadMemory at 0x7ffbc7140000 of 64 bytes failed: Only part of a ReadProcessMemory or WriteProcessMemory request was completed. (0x12B)
[0308/193736.273:WARNING:pe_image_reader.cc(302)] could not read dos header from C:\WINDOWS\System32\shlwapi.dll
[0308/193736.273:ERROR:process_memory_win.cc(73)] ReadMemory at 0x7ffbc7020000 of 64 bytes failed: Only part of a ReadProcessMemory or WriteProcessMemory request was completed. (0x12B)
[0308/193736.274:WARNING:pe_image_reader.cc(302)] could not read dos header from C:\WINDOWS\System32\GDI32.dll
[0308/193736.274:ERROR:process_memory_win.cc(73)] ReadMemory at 0x7ffbc5200000 of 64 bytes failed: Only part of a ReadProcessMemory or WriteProcessMemory request was completed. (0x12B)
[0308/193736.274:WARNING:pe_image_reader.cc(302)] could not read dos header from C:\WINDOWS\System32\gdi32full.dll
[0308/193736.274:ERROR:process_memory_win.cc(73)] ReadMemory at 0x7ffbc5850000 of 64 bytes failed: Only part of a ReadProcessMemory or WriteProcessMemory request was completed. (0x12B)
[0308/193736.274:WARNING:pe_image_reader.cc(302)] could not read dos header from C:\WINDOWS\System32\USER32.dll
[0308/193736.274:ERROR:process_memory_win.cc(73)] ReadMemory at 0x7ffbc4e90000 of 64 bytes failed: Only part of a ReadProcessMemory or WriteProcessMemory request was completed. (0x12B)
[0308/193736.274:WARNING:pe_image_reader.cc(302)] could not read dos header from C:\WINDOWS\System32\win32u.dll
[0308/193736.274:ERROR:process_memory_win.cc(73)] ReadMemory at 0x7ffbc4680000 of 64 bytes failed: Only part of a ReadProcessMemory or WriteProcessMemory request was completed. (0x12B)
[0308/193736.274:WARNING:pe_image_reader.cc(302)] could not read dos header from C:\WINDOWS\System32\kernel.appcore.dll
[0308/193736.274:ERROR:process_memory_win.cc(73)] ReadMemory at 0x7ffbc50e0000 of 64 bytes failed: Only part of a ReadProcessMemory or WriteProcessMemory request was completed. (0x12B)
[0308/193736.274:WARNING:pe_image_reader.cc(302)] could not read dos header from C:\WINDOWS\System32\cryptsp.dll
[0308/193736.274:ERROR:process_memory_win.cc(73)] ReadMemory at 0x1a19d5d0000 of 64 bytes failed: Only part of a ReadProcessMemory or WriteProcessMemory request was completed. (0x12B)
[0308/193736.274:WARNING:pe_image_reader.cc(302)] could not read dos header from C:\WINDOWS\System32\PSAPI.DLL
[0308/193736.274:ERROR:process_memory_win.cc(73)] ReadMemory at 0x7ffb96560000 of 64 bytes failed: Only part of a ReadProcessMemory or WriteProcessMemory request was completed. (0x12B)
[0308/193736.274:WARNING:pe_image_reader.cc(302)] could not read dos header from C:\Program Files (x86)\Google\Chrome\Application\72.0.3626.121\chrome_elf.dll
[0308/193736.275:ERROR:process_memory_win.cc(73)] ReadMemory at 0x7ffbb7880000 of 64 bytes failed: Only part of a ReadProcessMemory or WriteProcessMemory request was completed. (0x12B)
[0308/193736.275:WARNING:pe_image_reader.cc(302)] could not read dos header from C:\WINDOWS\SYSTEM32\VERSION.dll
[0308/193736.275:ERROR:process_memory_win.cc(73)] ReadMemory at 0x7ffbc1bd0000 of 64 bytes failed: Only part of a ReadProcessMemory or WriteProcessMemory request was completed. (0x12B)
[0308/193736.275:WARNING:pe_image_reader.cc(302)] could not read dos header from C:\WINDOWS\SYSTEM32\WINMM.dll
[0308/193736.275:ERROR:process_memory_win.cc(73)] ReadMemory at 0x7ffbc4550000 of 64 bytes failed: Only part of a ReadProcessMemory or WriteProcessMemory request was completed. (0x12B)
[0308/193736.275:WARNING:pe_image_reader.cc(302)] could not read dos header from C:\WINDOWS\SYSTEM32\USERENV.dll
[0308/193736.275:ERROR:process_memory_win.cc(73)] ReadMemory at 0x7ffbc1ba0000 of 64 bytes failed: Only part of a ReadProcessMemory or WriteProcessMemory request was completed. (0x12B)
[0308/193736.275:WARNING:pe_image_reader.cc(302)] could not read dos header from C:\WINDOWS\SYSTEM32\WINMMBASE.dll
[0308/193736.275:ERROR:process_memory_win.cc(73)] ReadMemory at 0x7ffbc4020000 of 64 bytes failed: Only part of a ReadProcessMemory or WriteProcessMemory request was completed. (0x12B)
[0308/193736.275:WARNING:pe_image_reader.cc(302)] could not read dos header from C:\WINDOWS\SYSTEM32\CRYPTBASE.DLL
[0308/193736.275:ERROR:process_memory_win.cc(73)] ReadMemory at 0x7ffbc7070000 of 64 bytes failed: Only part of a ReadProcessMemory or WriteProcessMemory request was completed. (0x12B)
[0308/193736.275:WARNING:pe_image_reader.cc(302)] could not read dos header from C:\WINDOWS\System32\IMM32.DLL
[0308/193736.275:ERROR:process_memory_win.cc(73)] ReadMemory at 0x7ffb6e880000 of 64 bytes failed: Only part of a ReadProcessMemory or WriteProcessMemory request was completed. (0x12B)
[0308/193736.275:WARNING:pe_image_reader.cc(302)] could not read dos header from C:\Program Files (x86)\Google\Chrome\Application\72.0.3626.121\chrome_child.dll
[0308/193736.275:ERROR:process_memory_win.cc(73)] ReadMemory at 0x7ffbc7630000 of 64 bytes failed: Only part of a ReadProcessMemory or WriteProcessMemory request was completed. (0x12B)
[0308/193736.276:WARNING:pe_image_reader.cc(302)] could not read dos header from C:\WINDOWS\System32\WS2_32.dll
[0308/193736.276:ERROR:process_memory_win.cc(73)] ReadMemory at 0x7ffbc74d0000 of 64 bytes failed: Only part of a ReadProcessMemory or WriteProcessMemory request was completed. (0x12B)
[0308/193736.276:WARNING:pe_image_reader.cc(302)] could not read dos header from C:\WINDOWS\System32\ole32.dll
[0308/193736.276:ERROR:process_memory_win.cc(73)] ReadMemory at 0x7ffbc7de0000 of 64 bytes failed: Only part of a ReadProcessMemory or WriteProcessMemory request was completed. (0x12B)
[0308/193736.276:WARNING:pe_image_reader.cc(302)] could not read dos header from C:\WINDOWS\System32\OLEAUT32.dll
[0308/193736.276:ERROR:process_memory_win.cc(73)] ReadMemory at 0x7ffbc51a0000 of 64 bytes failed: Only part of a ReadProcessMemory or WriteProcessMemory request was completed. (0x12B)
[0308/193736.276:WARNING:pe_image_reader.cc(302)] could not read dos header from C:\WINDOWS\System32\WINTRUST.dll
[0308/193736.276:ERROR:process_memory_win.cc(73)] ReadMemory at 0x7ffbc46d0000 of 64 bytes failed: Only part of a ReadProcessMemory or WriteProcessMemory request was completed. (0x12B)
[0308/193736.276:WARNING:pe_image_reader.cc(302)] could not read dos header from C:\WINDOWS\System32\MSASN1.dll
[0308/193736.276:ERROR:process_memory_win.cc(73)] ReadMemory at 0x7ffbc53a0000 of 64 bytes failed: Only part of a ReadProcessMemory or WriteProcessMemory request was completed. (0x12B)
[0308/193736.276:WARNING:pe_image_reader.cc(302)] could not read dos header from C:\WINDOWS\System32\CRYPT32.dll
[0308/193736.277:ERROR:process_memory_win.cc(73)] ReadMemory at 0x7ffbc7b20000 of 64 bytes failed: Only part of a ReadProcessMemory or WriteProcessMemory request was completed. (0x12B)
[0308/193736.277:WARNING:pe_image_reader.cc(302)] could not read dos header from C:\WINDOWS\System32\COMDLG32.dll
[0308/193736.277:ERROR:process_memory_win.cc(73)] ReadMemory at 0x7ffbc3bb0000 of 64 bytes failed: Only part of a ReadProcessMemory or WriteProcessMemory request was completed. (0x12B)
[0308/193736.277:WARNING:pe_image_reader.cc(302)] could not read dos header from C:\WINDOWS\SYSTEM32\IPHLPAPI.DLL
[0308/193736.277:ERROR:process_memory_win.cc(73)] ReadMemory at 0x7ffbb4cf0000 of 64 bytes failed: Only part of a ReadProcessMemory or WriteProcessMemory request was completed. (0x12B)
[0308/193736.277:WARNING:pe_image_reader.cc(302)] could not read dos header from C:\WINDOWS\SYSTEM32\OLEACC.dll
[0308/193736.277:ERROR:process_memory_win.cc(73)] ReadMemory at 0x7ffbb8380000 of 64 bytes failed: Only part of a ReadProcessMemory or WriteProcessMemory request was completed. (0x12B)
[0308/193736.277:WARNING:pe_image_reader.cc(302)] could not read dos header from C:\WINDOWS\SYSTEM32\DWrite.dll
[0308/193736.277:ERROR:process_memory_win.cc(73)] ReadMemory at 0x7ffbc3360000 of 64 bytes failed: Only part of a ReadProcessMemory or WriteProcessMemory request was completed. (0x12B)
[0308/193736.277:WARNING:pe_image_reader.cc(302)] could not read dos header from C:\WINDOWS\SYSTEM32\dxgi.dll
[0308/193736.277:ERROR:process_memory_win.cc(73)] ReadMemory at 0x7ffbb6810000 of 64 bytes failed: Only part of a ReadProcessMemory or WriteProcessMemory request was completed. (0x12B)
[0308/193736.277:WARNING:pe_image_reader.cc(302)] could not read dos header from C:\WINDOWS\SYSTEM32\WINSPOOL.DRV
[0308/193736.277:ERROR:process_memory_win.cc(73)] ReadMemory at 0x7ffbc5580000 of 64 bytes failed: Only part of a ReadProcessMemory or WriteProcessMemory request was completed. (0x12B)
[0308/193736.277:WARNING:pe_image_reader.cc(302)] could not read dos header from C:\WINDOWS\System32\bcrypt.dll
[0308/193736.278:ERROR:process_memory_win.cc(73)] ReadMemory at 0x7ffbc2ff0000 of 64 bytes failed: Only part of a ReadProcessMemory or WriteProcessMemory request was completed. (0x12B)
[0308/193736.278:WARNING:pe_image_reader.cc(302)] could not read dos header from C:\WINDOWS\SYSTEM32\dbghelp.dll
[0308/193736.278:ERROR:process_memory_win.cc(73)] ReadMemory at 0x7ffbc0b50000 of 64 bytes failed: Only part of a ReadProcessMemory or WriteProcessMemory request was completed. (0x12B)
[0308/193736.278:WARNING:pe_image_reader.cc(302)] could not read dos header from C:\WINDOWS\SYSTEM32\USP10.dll
[0308/193736.278:ERROR:process_memory_win.cc(73)] ReadMemory at 0x7ffbb60d0000 of 64 bytes failed: Only part of a ReadProcessMemory or WriteProcessMemory request was completed. (0x12B)
[0308/193736.278:WARNING:pe_image_reader.cc(302)] could not read dos header from C:\WINDOWS\WinSxS\amd64_microsoft.windows.common-controls_6595b64144ccf1df_6.0.17763.316_none_05b53be2071f46b6\COMCTL32.dll
[0308/193736.278:ERROR:process_memory_win.cc(73)] ReadMemory at 0x7ffbb6350000 of 64 bytes failed: Only part of a ReadProcessMemory or WriteProcessMemory request was completed. (0x12B)
[0308/193736.278:WARNING:pe_image_reader.cc(302)] could not read dos header from C:\WINDOWS\SYSTEM32\WINHTTP.dll
[0308/193736.278:ERROR:process_memory_win.cc(73)] ReadMemory at 0x7ffbb8680000 of 64 bytes failed: Only part of a ReadProcessMemory or WriteProcessMemory request was completed. (0x12B)
[0308/193736.278:WARNING:pe_image_reader.cc(302)] could not read dos header from C:\WINDOWS\SYSTEM32\urlmon.dll
[0308/193736.278:ERROR:process_memory_win.cc(73)] ReadMemory at 0x7ffbb48a0000 of 64 bytes failed: Only part of a ReadProcessMemory or WriteProcessMemory request was completed. (0x12B)
[0308/193736.278:WARNING:pe_image_reader.cc(302)] could not read dos header from C:\WINDOWS\SYSTEM32\Secur32.dll
[0308/193736.278:ERROR:process_memory_win.cc(73)] ReadMemory at 0x7ffbba950000 of 64 bytes failed: Only part of a ReadProcessMemory or WriteProcessMemory request was completed. (0x12B)
[0308/193736.278:WARNING:pe_image_reader.cc(302)] could not read dos header from C:\WINDOWS\SYSTEM32\dhcpcsvc.DLL
[0308/193736.279:ERROR:process_memory_win.cc(73)] ReadMemory at 0x1a19d8a0000 of 64 bytes failed: Only part of a ReadProcessMemory or WriteProcessMemory request was completed. (0x12B)
[0308/193736.279:WARNING:pe_image_reader.cc(302)] could not read dos header from C:\WINDOWS\System32\NSI.dll
[0308/193736.279:ERROR:process_memory_win.cc(73)] ReadMemory at 0x7ffbc2040000 of 64 bytes failed: Only part of a ReadProcessMemory or WriteProcessMemory request was completed. (0x12B)
[0308/193736.279:WARNING:pe_image_reader.cc(302)] could not read dos header from C:\WINDOWS\SYSTEM32\PROPSYS.dll
[0308/193736.279:ERROR:process_memory_win.cc(73)] ReadMemory at 0x7ffbb8a10000 of 64 bytes failed: Only part of a ReadProcessMemory or WriteProcessMemory request was completed. (0x12B)
[0308/193736.279:WARNING:pe_image_reader.cc(302)] could not read dos header from C:\WINDOWS\SYSTEM32\iertutil.dll
[0308/193736.279:ERROR:process_memory_win.cc(73)] ReadMemory at 0x7ffbc4520000 of 64 bytes failed: Only part of a ReadProcessMemory or WriteProcessMemory request was completed. (0x12B)
[0308/193736.279:WARNING:pe_image_reader.cc(302)] could not read dos header from C:\WINDOWS\SYSTEM32\SSPICLI.DLL
[0308/193736.528:ERROR:process_memory_win.cc(73)] ReadMemory at 0x96b1bec000 of 81920 bytes failed: Only part of a ReadProcessMemory or WriteProcessMemory request was completed. (0x12B)
[0308/193736.528:ERROR:process_memory_win.cc(73)] ReadMemory at 0x96b1dfe000 of 8192 bytes failed: Only part of a ReadProcessMemory or WriteProcessMemory request was completed. (0x12B)
[0308/193736.528:ERROR:process_memory_win.cc(73)] ReadMemory at 0x96b23fe000 of 8192 bytes failed: Only part of a ReadProcessMemory or WriteProcessMemory request was completed. (0x12B)
[0308/193736.529:ERROR:process_memory_win.cc(73)] ReadMemory at 0x96b25fe000 of 8192 bytes failed: Only part of a ReadProcessMemory or WriteProcessMemory request was completed. (0x12B)
[0308/193736.529:ERROR:process_memory_win.cc(73)] ReadMemory at 0x96b27fd000 of 12288 bytes failed: Only part of a ReadProcessMemory or WriteProcessMemory request was completed. (0x12B)
[0308/193736.529:ERROR:process_memory_win.cc(73)] ReadMemory at 0x96b29fe000 of 8192 bytes failed: Only part of a ReadProcessMemory or WriteProcessMemory request was completed. (0x12B)
[0308/193736.529:ERROR:process_memory_win.cc(73)] ReadMemory at 0x96b2bfe000 of 8192 bytes failed: Only part of a ReadProcessMemory or WriteProcessMemory request was completed. (0x12B)
[0308/193736.530:ERROR:process_memory_win.cc(73)] ReadMemory at 0x96b2dfc000 of 16384 bytes failed: Only part of a ReadProcessMemory or WriteProcessMemory request was completed. (0x12B)
[0308/193736.530:ERROR:process_memory_win.cc(73)] ReadMemory at 0x96b2fea000 of 90112 bytes failed: Only part of a ReadProcessMemory or WriteProcessMemory request was completed. (0x12B)
[0308/193736.530:ERROR:process_memory_win.cc(73)] ReadMemory at 0x96b31eb000 of 86016 bytes failed: Only part of a ReadProcessMemory or WriteProcessMemory request was completed. (0x12B)
[0308/193736.530:ERROR:process_memory_win.cc(73)] ReadMemory at 0x96b33fe000 of 8192 bytes failed: Only part of a ReadProcessMemory or WriteProcessMemory request was completed. (0x12B)
[0308/193736.531:ERROR:process_memory_win.cc(73)] ReadMemory at 0x96b1ffe000 of 8192 bytes failed: Only part of a ReadProcessMemory or WriteProcessMemory request was completed. (0x12B)
[0308/193736.531:ERROR:process_memory_win.cc(73)] ReadMemory at 0x96b39fa000 of 24576 bytes failed: Only part of a ReadProcessMemory or WriteProcessMemory request was completed. (0x12B)
[0308/193736.531:ERROR:process_memory_win.cc(73)] ReadMemory at 0x96805fd000 of 12288 bytes failed: Only part of a ReadProcessMemory or WriteProcessMemory request was completed. (0x12B)
[0308/193736.531:ERROR:process_memory_win.cc(73)] ReadMemory at 0x96801fc000 of 16384 bytes failed: Only part of a ReadProcessMemory or WriteProcessMemory request was completed. (0x12B)
[0308/193736.531:ERROR:process_memory_win.cc(73)] ReadMemory at 0x96803fd000 of 12288 bytes failed: Only part of a ReadProcessMemory or WriteProcessMemory request was completed. (0x12B)
[0308/193736.531:ERROR:process_memory_win.cc(73)] ReadMemory at 0x96807ff000 of 4096 bytes failed: Only part of a ReadProcessMemory or WriteProcessMemory request was completed. (0x12B)
[0308/193736.532:ERROR:process_memory_win.cc(73)] ReadMemory at 0x96b1982000 of 852 bytes failed: Only part of a ReadProcessMemory or WriteProcessMemory request was completed. (0x12B)
[0308/193736.532:ERROR:process_memory_win.cc(73)] ReadMemory at 0x96b1983000 of 6024 bytes failed: Only part of a ReadProcessMemory or WriteProcessMemory request was completed. (0x12B)
[0308/193736.532:ERROR:process_memory_win.cc(73)] ReadMemory at 0x96b1985000 of 6024 bytes failed: Only part of a ReadProcessMemory or WriteProcessMemory request was completed. (0x12B)
[0308/193736.532:ERROR:process_memory_win.cc(73)] ReadMemory at 0x96b198b000 of 6024 bytes failed: Only part of a ReadProcessMemory or WriteProcessMemory request was completed. (0x12B)
[0308/193736.532:ERROR:process_memory_win.cc(73)] ReadMemory at 0x96b198d000 of 6024 bytes failed: Only part of a ReadProcessMemory or WriteProcessMemory request was completed. (0x12B)
[0308/193736.533:ERROR:process_memory_win.cc(73)] ReadMemory at 0x96b198f000 of 6024 bytes failed: Only part of a ReadProcessMemory or WriteProcessMemory request was completed. (0x12B)
[0308/193736.533:ERROR:process_memory_win.cc(73)] ReadMemory at 0x96b1991000 of 6024 bytes failed: Only part of a ReadProcessMemory or WriteProcessMemory request was completed. (0x12B)
[0308/193736.533:ERROR:process_memory_win.cc(73)] ReadMemory at 0x96b1993000 of 6024 bytes failed: Only part of a ReadProcessMemory or WriteProcessMemory request was completed. (0x12B)
[0308/193736.533:ERROR:process_memory_win.cc(73)] ReadMemory at 0x96b1995000 of 6024 bytes failed: Only part of a ReadProcessMemory or WriteProcessMemory request was completed. (0x12B)
[0308/193736.533:ERROR:process_memory_win.cc(73)] ReadMemory at 0x96b1997000 of 6024 bytes failed: Only part of a ReadProcessMemory or WriteProcessMemory request was completed. (0x12B)
[0308/193736.533:ERROR:process_memory_win.cc(73)] ReadMemory at 0x96b1999000 of 6024 bytes failed: Only part of a ReadProcessMemory or WriteProcessMemory request was completed. (0x12B)
[0308/193736.534:ERROR:process_memory_win.cc(73)] ReadMemory at 0x96b199b000 of 6024 bytes failed: Only part of a ReadProcessMemory or WriteProcessMemory request was completed. (0x12B)
[0308/193736.534:ERROR:process_memory_win.cc(73)] ReadMemory at 0x96b19a3000 of 6024 bytes failed: Only part of a ReadProcessMemory or WriteProcessMemory request was completed. (0x12B)
[0308/193736.534:ERROR:process_memory_win.cc(73)] ReadMemory at 0x96b19a5000 of 6024 bytes failed: Only part of a ReadProcessMemory or WriteProcessMemory request was completed. (0x12B)
[0308/193736.534:ERROR:process_memory_win.cc(73)] ReadMemory at 0x96b19df000 of 6024 bytes failed: Only part of a ReadProcessMemory or WriteProcessMemory request was completed. (0x12B)
[0308/193736.535:ERROR:process_memory_win.cc(73)] ReadMemory at 0x96b19e5000 of 6024 bytes failed: Only part of a ReadProcessMemory or WriteProcessMemory request was completed. (0x12B)
[0308/193736.535:ERROR:process_memory_win.cc(73)] ReadMemory at 0x96b19e7000 of 6024 bytes failed: Only part of a ReadProcessMemory or WriteProcessMemory request was completed. (0x12B)
[0308/193736.535:ERROR:process_memory_win.cc(73)] ReadMemory at 0x96b19e9000 of 6024 bytes failed: Only part of a ReadProcessMemory or WriteProcessMemory request was completed. (0x12B)
[0308/193736.535:ERROR:process_memory_win.cc(73)] ReadMemory at 0x1a19d6a0750 of 62 bytes failed: Only part of a ReadProcessMemory or WriteProcessMemory request was completed. (0x12B)
[0308/193736.536:ERROR:process_memory_win.cc(73)] ReadMemory at 0x1a19d6a0fe0 of 18738 bytes failed: Only part of a ReadProcessMemory or WriteProcessMemory request was completed. (0x12B)
[0308/193736.536:ERROR:process_memory_win.cc(73)] ReadMemory at 0x1a19d6a5920 of 1012 bytes failed: Only part of a ReadProcessMemory or WriteProcessMemory request was completed. (0x12B)
[0308/193736.536:ERROR:process_memory_win.cc(73)] ReadMemory at 0x1a19d6a5f48 of 118 bytes failed: Only part of a ReadProcessMemory or WriteProcessMemory request was completed. (0x12B)
[0308/193736.536:ERROR:process_memory_win.cc(73)] ReadMemory at 0x1a19d6a5fc0 of 1038 bytes failed: Only part of a ReadProcessMemory or WriteProcessMemory request was completed. (0x12B)
[0308/193736.576:ERROR:process_memory_win.cc(73)] ReadMemory at 0x1a19d6a63d0 of 118 bytes failed: Only part of a ReadProcessMemory or WriteProcessMemory request was completed. (0x12B)
[0308/193736.576:ERROR:process_memory_win.cc(73)] ReadMemory at 0x1a19d6a6448 of 94 bytes failed: Only part of a ReadProcessMemory or WriteProcessMemory request was completed. (0x12B)
[0308/193736.576:ERROR:process_memory_win.cc(73)] ReadMemory at 0x1a19d6a64c0 of 58 bytes failed: Only part of a ReadProcessMemory or WriteProcessMemory request was completed. (0x12B)
[0308/193736.576:ERROR:process_memory_win.cc(73)] ReadMemory at 0x1a19d6a65c0 of 132 bytes failed: Only part of a ReadProcessMemory or WriteProcessMemory request was completed. (0x12B)
[0308/193736.576:ERROR:process_memory_win.cc(73)] ReadMemory at 0x1a19d6a6750 of 132 bytes failed: Only part of a ReadProcessMemory or WriteProcessMemory request was completed. (0x12B)
[0308/193736.576:ERROR:process_memory_win.cc(73)] ReadMemory at 0x1a19d6a6910 of 126 bytes failed: Only part of a ReadProcessMemory or WriteProcessMemory request was completed. (0x12B)
[0308/193736.577:ERROR:process_memory_win.cc(73)] ReadMemory at 0x1a19d6a6cf0 of 132 bytes failed: Only part of a ReadProcessMemory or WriteProcessMemory request was completed. (0x12B)
[0308/193736.577:ERROR:process_memory_win.cc(73)] ReadMemory at 0x1a19d6a6e80 of 64 bytes failed: Only part of a ReadProcessMemory or WriteProcessMemory request was completed. (0x12B)
[0308/193736.577:ERROR:process_memory_win.cc(73)] ReadMemory at 0x1a19d6a6fe0 of 132 bytes failed: Only part of a ReadProcessMemory or WriteProcessMemory request was completed. (0x12B)
[0308/193736.577:ERROR:process_memory_win.cc(73)] ReadMemory at 0x1a19d6a7170 of 62 bytes failed: Only part of a ReadProcessMemory or WriteProcessMemory request was completed. (0x12B)
[0308/193736.577:ERROR:process_memory_win.cc(73)] ReadMemory at 0x1a19d6a72e0 of 132 bytes failed: Only part of a ReadProcessMemory or WriteProcessMemory request was completed. (0x12B)
[0308/193736.577:ERROR:process_memory_win.cc(73)] ReadMemory at 0x1a19d6a7470 of 68 bytes failed: Only part of a ReadProcessMemory or WriteProcessMemory request was completed. (0x12B)
[0308/193736.577:ERROR:process_memory_win.cc(73)] ReadMemory at 0x1a19d6ab620 of 132 bytes failed: Only part of a ReadProcessMemory or WriteProcessMemory request was completed. (0x12B)
[0308/193736.578:ERROR:process_memory_win.cc(73)] ReadMemory at 0x1a19d6ab860 of 132 bytes failed: Only part of a ReadProcessMemory or WriteProcessMemory request was completed. (0x12B)
[0308/193736.578:ERROR:process_memory_win.cc(73)] ReadMemory at 0x1a19d6ab9f0 of 62 bytes failed: Only part of a ReadProcessMemory or WriteProcessMemory request was completed. (0x12B)
[0308/193736.578:ERROR:process_memory_win.cc(73)] ReadMemory at 0x1a19d6ad190 of 132 bytes failed: Only part of a ReadProcessMemory or WriteProcessMemory request was completed. (0x12B)
[0308/193736.578:ERROR:process_memory_win.cc(73)] ReadMemory at 0x1a19d6ad320 of 60 bytes failed: Only part of a ReadProcessMemory or WriteProcessMemory request was completed. (0x12B)
[0308/193736.578:ERROR:process_memory_win.cc(73)] ReadMemory at 0x1a19d6ad370 of 158 bytes failed: Only part of a ReadProcessMemory or WriteProcessMemory request was completed. (0x12B)
[0308/193736.578:ERROR:process_memory_win.cc(73)] ReadMemory at 0x1a19d6ad570 of 132 bytes failed: Only part of a ReadProcessMemory or WriteProcessMemory request was completed. (0x12B)
[0308/193736.578:ERROR:process_memory_win.cc(73)] ReadMemory at 0x1a19d6ad700 of 64 bytes failed: Only part of a ReadProcessMemory or WriteProcessMemory request was completed. (0x12B)
[0308/193736.579:ERROR:process_memory_win.cc(73)] ReadMemory at 0x1a19d6ad980 of 132 bytes failed: Only part of a ReadProcessMemory or WriteProcessMemory request was completed. (0x12B)
[0308/193736.579:ERROR:process_memory_win.cc(73)] ReadMemory at 0x1a19d6adb10 of 64 bytes failed: Only part of a ReadProcessMemory or WriteProcessMemory request was completed. (0x12B)
[0308/193736.579:ERROR:process_memory_win.cc(73)] ReadMemory at 0x1a19d6add70 of 132 bytes failed: Only part of a ReadProcessMemory or WriteProcessMemory request was completed. (0x12B)
[0308/193736.579:ERROR:process_memory_win.cc(73)] ReadMemory at 0x1a19d6adf00 of 60 bytes failed: Only part of a ReadProcessMemory or WriteProcessMemory request was completed. (0x12B)
[0308/193736.579:ERROR:process_memory_win.cc(73)] ReadMemory at 0x1a19d6ae210 of 132 bytes failed: Only part of a ReadProcessMemory or WriteProcessMemory request was completed. (0x12B)
[0308/193736.580:ERROR:process_memory_win.cc(73)] ReadMemory at 0x1a19d6ae3a0 of 60 bytes failed: Only part of a ReadProcessMemory or WriteProcessMemory request was completed. (0x12B)
[0308/193736.580:ERROR:process_memory_win.cc(73)] ReadMemory at 0x1a19d6ae5e0 of 132 bytes failed: Only part of a ReadProcessMemory or WriteProcessMemory request was completed. (0x12B)
[0308/193736.580:ERROR:process_memory_win.cc(73)] ReadMemory at 0x1a19d6b0ed0 of 132 bytes failed: Only part of a ReadProcessMemory or WriteProcessMemory request was completed. (0x12B)
[0308/193736.580:ERROR:process_memory_win.cc(73)] ReadMemory at 0x1a19d6b12f0 of 78 bytes failed: Only part of a ReadProcessMemory or WriteProcessMemory request was completed. (0x12B)
[0308/193736.580:ERROR:process_memory_win.cc(73)] ReadMemory at 0x1a19d6b1470 of 80 bytes failed: Only part of a ReadProcessMemory or WriteProcessMemory request was completed. (0x12B)
[0308/193736.580:ERROR:process_memory_win.cc(73)] ReadMemory at 0x1a19d6b1590 of 76 bytes failed: Only part of a ReadProcessMemory or WriteProcessMemory request was completed. (0x12B)
[0308/193736.580:ERROR:process_memory_win.cc(73)] ReadMemory at 0x1a19d6b1e00 of 132 bytes failed: Only part of a ReadProcessMemory or WriteProcessMemory request was completed. (0x12B)
[0308/193736.581:ERROR:process_memory_win.cc(73)] ReadMemory at 0x1a19d6b2740 of 132 bytes failed: Only part of a ReadProcessMemory or WriteProcessMemory request was completed. (0x12B)
[0308/193736.581:ERROR:process_memory_win.cc(73)] ReadMemory at 0x1a19d6b2870 of 66 bytes failed: Only part of a ReadProcessMemory or WriteProcessMemory request was completed. (0x12B)
[0308/193736.581:ERROR:process_memory_win.cc(73)] ReadMemory at 0x1a19d6b2ab0 of 132 bytes failed: Only part of a ReadProcessMemory or WriteProcessMemory request was completed. (0x12B)
[0308/193736.581:ERROR:process_memory_win.cc(73)] ReadMemory at 0x1a19d6b2c80 of 62 bytes failed: Only part of a ReadProcessMemory or WriteProcessMemory request was completed. (0x12B)
[0308/193736.581:ERROR:process_memory_win.cc(73)] ReadMemory at 0x1a19d6b2cd0 of 62 bytes failed: Only part of a ReadProcessMemory or WriteProcessMemory request was completed. (0x12B)
[0308/193736.581:ERROR:process_memory_win.cc(73)] ReadMemory at 0x1a19d6b2d20 of 64 bytes failed: Only part of a ReadProcessMemory or WriteProcessMemory request was completed. (0x12B)
[0308/193736.581:ERROR:process_memory_win.cc(73)] ReadMemory at 0x1a19d6b2e10 of 58 bytes failed: Only part of a ReadProcessMemory or WriteProcessMemory request was completed. (0x12B)
[0308/193736.581:ERROR:process_memory_win.cc(73)] ReadMemory at 0x1a19d6b2eb0 of 62 bytes failed: Only part of a ReadProcessMemory or WriteProcessMemory request was completed. (0x12B)
[0308/193736.582:ERROR:process_memory_win.cc(73)] ReadMemory at 0x1a19d6b2f00 of 62 bytes failed: Only part of a ReadProcessMemory or WriteProcessMemory request was completed. (0x12B)
[0308/193736.582:ERROR:process_memory_win.cc(73)] ReadMemory at 0x1a19d6b2f50 of 62 bytes failed: Only part of a ReadProcessMemory or WriteProcessMemory request was completed. (0x12B)
[0308/193736.582:ERROR:process_memory_win.cc(73)] ReadMemory at 0x1a19d6b2fa0 of 64 bytes failed: Only part of a ReadProcessMemory or WriteProcessMemory request was completed. (0x12B)
[0308/193736.582:ERROR:process_memory_win.cc(73)] ReadMemory at 0x1a19d6b2ff0 of 60 bytes failed: Only part of a ReadProcessMemory or WriteProcessMemory request was completed. (0x12B)
[0308/193736.582:ERROR:process_memory_win.cc(73)] ReadMemory at 0x1a19d6b3090 of 58 bytes failed: Only part of a ReadProcessMemory or WriteProcessMemory request was completed. (0x12B)
[0308/193736.582:ERROR:process_memory_win.cc(73)] ReadMemory at 0x1a19d6b30e0 of 60 bytes failed: Only part of a ReadProcessMemory or WriteProcessMemory request was completed. (0x12B)
[0308/193736.582:ERROR:process_memory_win.cc(73)] ReadMemory at 0x1a19d6b3180 of 66 bytes failed: Only part of a ReadProcessMemory or WriteProcessMemory request was completed. (0x12B)
[0308/193736.582:ERROR:process_memory_win.cc(73)] ReadMemory at 0x1a19d6b3220 of 62 bytes failed: Only part of a ReadProcessMemory or WriteProcessMemory request was completed. (0x12B)
[0308/193736.583:ERROR:process_memory_win.cc(73)] ReadMemory at 0x1a19d6b3310 of 58 bytes failed: Only part of a ReadProcessMemory or WriteProcessMemory request was completed. (0x12B)
[0308/193736.583:ERROR:process_memory_win.cc(73)] ReadMemory at 0x1a19d6b4550 of 132 bytes failed: Only part of a ReadProcessMemory or WriteProcessMemory request was completed. (0x12B)
[0308/193736.583:ERROR:process_memory_win.cc(73)] ReadMemory at 0x1a19d6b4680 of 132 bytes failed: Only part of a ReadProcessMemory or WriteProcessMemory request was completed. (0x12B)
[0308/193736.583:ERROR:process_memory_win.cc(73)] ReadMemory at 0x1a19d6b47b0 of 132 bytes failed: Only part of a ReadProcessMemory or WriteProcessMemory request was completed. (0x12B)
[0308/193736.583:ERROR:process_memory_win.cc(73)] ReadMemory at 0x1a19d6b48e0 of 132 bytes failed: Only part of a ReadProcessMemory or WriteProcessMemory request was completed. (0x12B)
[0308/193736.583:ERROR:process_memory_win.cc(73)] ReadMemory at 0x1a19d6b4a10 of 132 bytes failed: Only part of a ReadProcessMemory or WriteProcessMemory request was completed. (0x12B)
[0308/193736.583:ERROR:process_memory_win.cc(73)] ReadMemory at 0x1a19d6b4b40 of 132 bytes failed: Only part of a ReadProcessMemory or WriteProcessMemory request was completed. (0x12B)
[0308/193736.583:ERROR:process_memory_win.cc(73)] ReadMemory at 0x1a19d6b4c70 of 132 bytes failed: Only part of a ReadProcessMemory or WriteProcessMemory request was completed. (0x12B)
[0308/193736.584:ERROR:process_memory_win.cc(73)] ReadMemory at 0x1a19d6b4da0 of 132 bytes failed: Only part of a ReadProcessMemory or WriteProcessMemory request was completed. (0x12B)
[0308/193736.584:ERROR:process_memory_win.cc(73)] ReadMemory at 0x1a19d6b4ed0 of 132 bytes failed: Only part of a ReadProcessMemory or WriteProcessMemory request was completed. (0x12B)
[0308/193736.584:ERROR:process_memory_win.cc(73)] ReadMemory at 0x1a19d6b5000 of 132 bytes failed: Only part of a ReadProcessMemory or WriteProcessMemory request was completed. (0x12B)
[0308/193736.584:ERROR:process_memory_win.cc(73)] ReadMemory at 0x1a19d6b5130 of 132 bytes failed: Only part of a ReadProcessMemory or WriteProcessMemory request was completed. (0x12B)
[0308/193736.622:ERROR:process_memory_win.cc(73)] ReadMemory at 0x1a19d6b5260 of 132 bytes failed: Only part of a ReadProcessMemory or WriteProcessMemory request was completed. (0x12B)
[0308/193736.622:ERROR:process_memory_win.cc(73)] ReadMemory at 0x1a19d6b5390 of 132 bytes failed: Only part of a ReadProcessMemory or WriteProcessMemory request was completed. (0x12B)
[0308/193736.622:ERROR:process_memory_win.cc(73)] ReadMemory at 0x1a19d6b5770 of 246 bytes failed: Only part of a ReadProcessMemory or WriteProcessMemory request was completed. (0x12B)
[0308/193736.622:ERROR:process_memory_win.cc(73)] ReadMemory at 0x1a19d6b6cf0 of 132 bytes failed: Only part of a ReadProcessMemory or WriteProcessMemory request was completed. (0x12B)
[0308/193736.622:ERROR:process_memory_win.cc(73)] ReadMemory at 0x1a19d6b6e20 of 132 bytes failed: Only part of a ReadProcessMemory or WriteProcessMemory request was completed. (0x12B)
[0308/193736.622:ERROR:process_memory_win.cc(73)] ReadMemory at 0x1a19d6b6f50 of 132 bytes failed: Only part of a ReadProcessMemory or WriteProcessMemory request was completed. (0x12B)
[0308/193736.622:ERROR:process_memory_win.cc(73)] ReadMemory at 0x1a19d6b7080 of 132 bytes failed: Only part of a ReadProcessMemory or WriteProcessMemory request was completed. (0x12B)
[0308/193736.623:ERROR:process_memory_win.cc(73)] ReadMemory at 0x1a19d6b71b0 of 132 bytes failed: Only part of a ReadProcessMemory or WriteProcessMemory request was completed. (0x12B)
[0308/193736.623:ERROR:process_memory_win.cc(73)] ReadMemory at 0x1a19d6b72e0 of 132 bytes failed: Only part of a ReadProcessMemory or WriteProcessMemory request was completed. (0x12B)
[0308/193736.623:ERROR:process_memory_win.cc(73)] ReadMemory at 0x1a19d6b7540 of 132 bytes failed: Only part of a ReadProcessMemory or WriteProcessMemory request was completed. (0x12B)
[0308/193736.623:ERROR:process_memory_win.cc(73)] ReadMemory at 0x1a19d6b7670 of 132 bytes failed: Only part of a ReadProcessMemory or WriteProcessMemory request was completed. (0x12B)
[0308/193736.623:ERROR:process_memory_win.cc(73)] ReadMemory at 0x1a19d6b77a0 of 132 bytes failed: Only part of a ReadProcessMemory or WriteProcessMemory request was completed. (0x12B)
[0308/193736.623:ERROR:process_memory_win.cc(73)] ReadMemory at 0x1a19d6b78d0 of 132 bytes failed: Only part of a ReadProcessMemory or WriteProcessMemory request was completed. (0x12B)
[0308/193736.623:ERROR:process_memory_win.cc(73)] ReadMemory at 0x1a19d6b7a00 of 132 bytes failed: Only part of a ReadProcessMemory or WriteProcessMemory request was completed. (0x12B)
[0308/193736.624:ERROR:process_memory_win.cc(73)] ReadMemory at 0x1a19d6b7b30 of 132 bytes failed: Only part of a ReadProcessMemory or WriteProcessMemory request was completed. (0x12B)
[0308/193736.624:ERROR:process_memory_win.cc(73)] ReadMemory at 0x1a19d6b7c60 of 132 bytes failed: Only part of a ReadProcessMemory or WriteProcessMemory request was completed. (0x12B)
[0308/193736.624:ERROR:process_memory_win.cc(73)] ReadMemory at 0x1a19d6b7d90 of 132 bytes failed: Only part of a ReadProcessMemory or WriteProcessMemory request was completed. (0x12B)
[0308/193736.624:ERROR:process_memory_win.cc(73)] ReadMemory at 0x1a19d6b7ec0 of 132 bytes failed: Only part of a ReadProcessMemory or WriteProcessMemory request was completed. (0x12B)
[0308/193736.624:ERROR:process_memory_win.cc(73)] ReadMemory at 0x1a19d6b7ff0 of 132 bytes failed: Only part of a ReadProcessMemory or WriteProcessMemory request was completed. (0x12B)
[0308/193736.624:ERROR:process_memory_win.cc(73)] ReadMemory at 0x1a19d6b8120 of 132 bytes failed: Only part of a ReadProcessMemory or WriteProcessMemory request was completed. (0x12B)
[0308/193736.624:ERROR:process_memory_win.cc(73)] ReadMemory at 0x1a19d6b8250 of 132 bytes failed: Only part of a ReadProcessMemory or WriteProcessMemory request was completed. (0x12B)
[0308/193736.624:ERROR:process_memory_win.cc(73)] ReadMemory at 0x1a19d6b8380 of 132 bytes failed: Only part of a ReadProcessMemory or WriteProcessMemory request was completed. (0x12B)
[0308/193736.625:ERROR:process_memory_win.cc(73)] ReadMemory at 0x1a19d6b84b0 of 132 bytes failed: Only part of a ReadProcessMemory or WriteProcessMemory request was completed. (0x12B)
[0308/193736.625:ERROR:process_memory_win.cc(73)] ReadMemory at 0x1a19d6b8710 of 132 bytes failed: Only part of a ReadProcessMemory or WriteProcessMemory request was completed. (0x12B)
[0308/193736.625:ERROR:process_memory_win.cc(73)] ReadMemory at 0x1a19d6b8840 of 132 bytes failed: Only part of a ReadProcessMemory or WriteProcessMemory request was completed. (0x12B)
[0308/193736.625:ERROR:process_memory_win.cc(73)] ReadMemory at 0x1a19d6b8970 of 132 bytes failed: Only part of a ReadProcessMemory or WriteProcessMemory request was completed. (0x12B)
[0308/193736.625:ERROR:process_memory_win.cc(73)] ReadMemory at 0x1a19d6b8aa0 of 132 bytes failed: Only part of a ReadProcessMemory or WriteProcessMemory request was completed. (0x12B)
[0308/193736.625:ERROR:process_memory_win.cc(73)] ReadMemory at 0x1a19d6b8cb0 of 154 bytes failed: Only part of a ReadProcessMemory or WriteProcessMemory request was completed. (0x12B)
[0308/193736.625:ERROR:process_memory_win.cc(73)] ReadMemory at 0x1a19d6bcc60 of 66 bytes failed: Only part of a ReadProcessMemory or WriteProcessMemory request was completed. (0x12B)
[0308/193736.626:ERROR:process_memory_win.cc(73)] ReadMemory at 0x1a19d6bd020 of 58 bytes failed: Only part of a ReadProcessMemory or WriteProcessMemory request was completed. (0x12B)
[0308/193736.626:ERROR:process_memory_win.cc(73)] ReadMemory at 0x1a19d6bd070 of 66 bytes failed: Only part of a ReadProcessMemory or WriteProcessMemory request was completed. (0x12B)
[0308/193736.626:ERROR:process_memory_win.cc(73)] ReadMemory at 0x1a19d6ca320 of 54 bytes failed: Only part of a ReadProcessMemory or WriteProcessMemory request was completed. (0x12B)
[0308/193736.626:ERROR:process_memory_win.cc(73)] ReadMemory at 0x1a19d6cc1a0 of 62 bytes failed: Only part of a ReadProcessMemory or WriteProcessMemory request was completed. (0x12B)
[0308/193736.626:ERROR:process_memory_win.cc(73)] ReadMemory at 0x1a19d6cc330 of 62 bytes failed: Only part of a ReadProcessMemory or WriteProcessMemory request was completed. (0x12B)
[0308/193736.626:ERROR:process_memory_win.cc(73)] ReadMemory at 0x1a19d6cc420 of 64 bytes failed: Only part of a ReadProcessMemory or WriteProcessMemory request was completed. (0x12B)
[0308/193736.626:ERROR:process_memory_win.cc(73)] ReadMemory at 0x1a19d6cc560 of 56 bytes failed: Only part of a ReadProcessMemory or WriteProcessMemory request was completed. (0x12B)
[0308/193736.626:ERROR:process_memory_win.cc(73)] ReadMemory at 0x1a19d6cc650 of 64 bytes failed: Only part of a ReadProcessMemory or WriteProcessMemory request was completed. (0x12B)
[0308/193736.627:ERROR:process_memory_win.cc(73)] ReadMemory at 0x1a19d6cc6a0 of 60 bytes failed: Only part of a ReadProcessMemory or WriteProcessMemory request was completed. (0x12B)
[0308/193736.627:ERROR:process_memory_win.cc(73)] ReadMemory at 0x1a19d6cc6f0 of 62 bytes failed: Only part of a ReadProcessMemory or WriteProcessMemory request was completed. (0x12B)
[0308/193736.627:ERROR:process_memory_win.cc(73)] ReadMemory at 0x1a19d6cc8d0 of 60 bytes failed: Only part of a ReadProcessMemory or WriteProcessMemory request was completed. (0x12B)
[0308/193736.627:ERROR:process_memory_win.cc(73)] ReadMemory at 0x1a19d6cc920 of 62 bytes failed: Only part of a ReadProcessMemory or WriteProcessMemory request was completed. (0x12B)
[0308/193736.627:ERROR:process_memory_win.cc(73)] ReadMemory at 0x1a19d6cca60 of 58 bytes failed: Only part of a ReadProcessMemory or WriteProcessMemory request was completed. (0x12B)
[0308/193736.627:ERROR:process_memory_win.cc(73)] ReadMemory at 0x1a19d6ccba0 of 60 bytes failed: Only part of a ReadProcessMemory or WriteProcessMemory request was completed. (0x12B)
[0308/193736.627:ERROR:process_memory_win.cc(73)] ReadMemory at 0x1a19d6ccc40 of 64 bytes failed: Only part of a ReadProcessMemory or WriteProcessMemory request was completed. (0x12B)
[0308/193736.628:ERROR:process_memory_win.cc(73)] ReadMemory at 0x1a19d6ccc90 of 60 bytes failed: Only part of a ReadProcessMemory or WriteProcessMemory request was completed. (0x12B)
[0308/193736.628:ERROR:process_memory_win.cc(73)] ReadMemory at 0x1a19d6ccce0 of 62 bytes failed: Only part of a ReadProcessMemory or WriteProcessMemory request was completed. (0x12B)
[0308/193736.628:ERROR:process_memory_win.cc(73)] ReadMemory at 0x1a19d6ccd30 of 64 bytes failed: Only part of a ReadProcessMemory or WriteProcessMemory request was completed. (0x12B)
[0308/193736.628:ERROR:process_memory_win.cc(73)] ReadMemory at 0x1a19d6ccdd0 of 62 bytes failed: Only part of a ReadProcessMemory or WriteProcessMemory request was completed. (0x12B)
[0308/193736.628:ERROR:process_memory_win.cc(73)] ReadMemory at 0x1a19d6cce20 of 60 bytes failed: Only part of a ReadProcessMemory or WriteProcessMemory request was completed. (0x12B)
[0308/193736.628:ERROR:process_memory_win.cc(73)] ReadMemory at 0x1a19d6cce70 of 64 bytes failed: Only part of a ReadProcessMemory or WriteProcessMemory request was completed. (0x12B)
[0308/193736.628:ERROR:process_memory_win.cc(73)] ReadMemory at 0x1a19d6ccf60 of 64 bytes failed: Only part of a ReadProcessMemory or WriteProcessMemory request was completed. (0x12B)
[0308/193736.629:ERROR:process_memory_win.cc(73)] ReadMemory at 0x1a19d6ccfb0 of 64 bytes failed: Only part of a ReadProcessMemory or WriteProcessMemory request was completed. (0x12B)
[0308/193736.629:ERROR:process_memory_win.cc(73)] ReadMemory at 0x1a19d6cd000 of 60 bytes failed: Only part of a ReadProcessMemory or WriteProcessMemory request was completed. (0x12B)
[0308/193736.629:ERROR:process_memory_win.cc(73)] ReadMemory at 0x1a19d6cd050 of 58 bytes failed: Only part of a ReadProcessMemory or WriteProcessMemory request was completed. (0x12B)
[0308/193736.629:ERROR:process_memory_win.cc(73)] ReadMemory at 0x1a19d6d10b0 of 132 bytes failed: Only part of a ReadProcessMemory or WriteProcessMemory request was completed. (0x12B)
[0308/193736.629:ERROR:process_memory_win.cc(73)] ReadMemory at 0x1a19d6d1310 of 132 bytes failed: Only part of a ReadProcessMemory or WriteProcessMemory request was completed. (0x12B)
[0308/193736.629:ERROR:process_memory_win.cc(73)] ReadMemory at 0x1a19d6d1440 of 132 bytes failed: Only part of a ReadProcessMemory or WriteProcessMemory request was completed. (0x12B)
[0308/193736.629:ERROR:process_memory_win.cc(73)] ReadMemory at 0x1a19d6d1900 of 132 bytes failed: Only part of a ReadProcessMemory or WriteProcessMemory request was completed. (0x12B)
[0308/193736.630:ERROR:process_memory_win.cc(73)] ReadMemory at 0x1a19d6d2150 of 132 bytes failed: Only part of a ReadProcessMemory or WriteProcessMemory request was completed. (0x12B)
[0308/193736.630:ERROR:process_memory_win.cc(73)] ReadMemory at 0x1a19d6d27a0 of 512 bytes failed: Only part of a ReadProcessMemory or WriteProcessMemory request was completed. (0x12B)
[0308/193736.630:ERROR:process_memory_win.cc(73)] ReadMemory at 0x1a19d6e5180 of 512 bytes failed: Only part of a ReadProcessMemory or WriteProcessMemory request was completed. (0x12B)
[0308/193736.630:ERROR:process_memory_win.cc(73)] ReadMemory at 0x1a19d901900 of 512 bytes failed: Only part of a ReadProcessMemory or WriteProcessMemory request was completed. (0x12B)
[0308/193736.630:ERROR:process_memory_win.cc(73)] ReadMemory at 0x1a19d901b40 of 512 bytes failed: Only part of a ReadProcessMemory or WriteProcessMemory request was completed. (0x12B)
[0308/193736.630:ERROR:process_memory_win.cc(73)] ReadMemory at 0x1a19dca7ce0 of 512 bytes failed: Only part of a ReadProcessMemory or WriteProcessMemory request was completed. (0x12B)
[0308/193736.630:ERROR:process_memory_win.cc(73)] ReadMemory at 0x1a19dca8d40 of 512 bytes failed: Only part of a ReadProcessMemory or WriteProcessMemory request was completed. (0x12B)
[0308/193736.631:ERROR:process_memory_win.cc(73)] ReadMemory at 0x1a19dca9100 of 896 bytes failed: Only part of a ReadProcessMemory or WriteProcessMemory request was completed. (0x12B)
[0308/193736.631:ERROR:process_memory_win.cc(73)] ReadMemory at 0x1a19dcb4af0 of 512 bytes failed: Only part of a ReadProcessMemory or WriteProcessMemory request was completed. (0x12B)
[0308/193736.631:ERROR:process_memory_win.cc(73)] ReadMemory at 0x1a19dcc6230 of 512 bytes failed: Only part of a ReadProcessMemory or WriteProcessMemory request was completed. (0x12B)
[0308/193736.631:ERROR:process_memory_win.cc(73)] ReadMemory at 0x1a19dccb580 of 512 bytes failed: Only part of a ReadProcessMemory or WriteProcessMemory request was completed. (0x12B)
[0308/193736.631:ERROR:process_memory_win.cc(73)] ReadMemory at 0x1a19dcccaf0 of 696 bytes failed: Only part of a ReadProcessMemory or WriteProcessMemory request was completed. (0x12B)
[0308/193736.631:ERROR:process_memory_win.cc(73)] ReadMemory at 0x1a19fada760 of 512 bytes failed: Only part of a ReadProcessMemory or WriteProcessMemory request was completed. (0x12B)
[0308/193736.632:ERROR:process_memory_win.cc(73)] ReadMemory at 0x1a1a02c1190 of 512 bytes failed: Only part of a ReadProcessMemory or WriteProcessMemory request was completed. (0x12B)
[0308/193736.632:ERROR:process_memory_win.cc(73)] ReadMemory at 0x1a1a03e3fa0 of 512 bytes failed: Only part of a ReadProcessMemory or WriteProcessMemory request was completed. (0x12B)
[0308/193736.632:ERROR:process_memory_win.cc(73)] ReadMemory at 0xd63c0227f80 of 512 bytes failed: Only part of a ReadProcessMemory or WriteProcessMemory request was completed. (0x12B)
[0308/193736.632:ERROR:process_memory_win.cc(73)] ReadMemory at 0xd63c0fa28f0 of 600 bytes failed: Only part of a ReadProcessMemory or WriteProcessMemory request was completed. (0x12B)
[0308/193736.632:ERROR:process_memory_win.cc(73)] ReadMemory at 0x18fea74e7f80 of 512 bytes failed: Only part of a ReadProcessMemory or WriteProcessMemory request was completed. (0x12B)
[0308/193736.632:ERROR:process_memory_win.cc(73)] ReadMemory at 0x284b84493540 of 512 bytes failed: Only part of a ReadProcessMemory or WriteProcessMemory request was completed. (0x12B)
[0308/193736.632:ERROR:process_memory_win.cc(73)] ReadMemory at 0x501da0600731 of 512 bytes failed: Only part of a ReadProcessMemory or WriteProcessMemory request was completed. (0x12B)
[0308/193736.633:ERROR:process_memory_win.cc(73)] ReadMemory at 0x57d0670ea430 of 856 bytes failed: Only part of a ReadProcessMemory or WriteProcessMemory request was completed. (0x12B)
[0308/193736.633:ERROR:process_memory_win.cc(73)] ReadMemory at 0x7cb047981350 of 512 bytes failed: Only part of a ReadProcessMemory or WriteProcessMemory request was completed. (0x12B)
[0308/193736.633:ERROR:process_memory_win.cc(73)] ReadMemory at 0x7cb0479ed8c8 of 512 bytes failed: Only part of a ReadProcessMemory or WriteProcessMemory request was completed. (0x12B)
[0308/193736.633:ERROR:process_memory_win.cc(73)] ReadMemory at 0x7cb0479f0860 of 512 bytes failed: Only part of a ReadProcessMemory or WriteProcessMemory request was completed. (0x12B)
[0308/193736.633:ERROR:process_memory_win.cc(73)] ReadMemory at 0x7ffb6eae056f of 512 bytes failed: Only part of a ReadProcessMemory or WriteProcessMemory request was completed. (0x12B)
[0308/193736.633:ERROR:process_memory_win.cc(73)] ReadMemory at 0x7ffb9656e99e of 512 bytes failed: Only part of a ReadProcessMemory or WriteProcessMemory request was completed. (0x12B)
[0308/193736.633:ERROR:process_memory_win.cc(73)] ReadMemory at 0x7ffb9656fabe of 512 bytes failed: Only part of a ReadProcessMemory or WriteProcessMemory request was completed. (0x12B)
[0308/193736.634:ERROR:process_memory_win.cc(73)] ReadMemory at 0x7ffbc6f11f80 of 512 bytes failed: Only part of a ReadProcessMemory or WriteProcessMemory request was completed. (0x12B)
[0308/193736.634:ERROR:process_memory_win.cc(73)] ReadMemory at 0x7ffbc866feb0 of 592 bytes failed: Only part of a ReadProcessMemory or WriteProcessMemory request was completed. (0x12B)
[0308/193736.634:ERROR:process_memory_win.cc(73)] ReadMemory at 0x7ffbc86bf674 of 672 bytes failed: Only part of a ReadProcessMemory or WriteProcessMemory request was completed. (0x12B)
[0308/193736.634:ERROR:process_memory_win.cc(73)] ReadMemory at 0x7ffbc86c2f04 of 608 bytes failed: Only part of a ReadProcessMemory or WriteProcessMemory request was completed. (0x12B)
[0308/193736.634:ERROR:process_memory_win.cc(73)] ReadMemory at 0x7ffbc874c0c8 of 18 bytes failed: Only part of a ReadProcessMemory or WriteProcessMemory request was completed. (0x12B)
[0308/193736.634:ERROR:process_memory_win.cc(73)] ReadMemory at 0x7ffbc877f4f8 of 40 bytes failed: Only part of a ReadProcessMemory or WriteProcessMemory request was completed. (0x12B)
[0308/193736.634:ERROR:process_memory_win.cc(73)] ReadMemory at 0x7ffbc877f978 of 48 bytes failed: Only part of a ReadProcessMemory or WriteProcessMemory request was completed. (0x12B)
[0308/193736.635:ERROR:process_memory_win.cc(73)] ReadMemory at 0x7ffbc87853a0 of 64 bytes failed: Only part of a ReadProcessMemory or WriteProcessMemory request was completed. (0x12B)
[0308/193736.657:ERROR:scoped_process_suspend.cc(40)] NtResumeProcess: An attempt was made to access an exiting process. (0xc000010a)
